<?xml version="1.0" encoding="UTF-8"?>
<testng-results ignored="0" total="3" passed="3" failed="0" skipped="0">
  <reporter-output>
  </reporter-output>
  <suite started-at="2021-10-22T21:48:07 IST" name="Suite" finished-at="2021-10-22T21:48:22 IST" duration-ms="14486">
    <groups>
    </groups>
    <test started-at="2021-10-22T21:48:07 IST" name="loginTest" finished-at="2021-10-22T21:48:17 IST" duration-ms="9280">
      <class name="com.AppTestCases.LoginTestCase">
        <test-method is-config="true" signature="launchBrowser(java.lang.String,java.lang.String)[pri:0, instance:com.AppTestCases.LoginTestCase@7fee8714]" started-at="2021-10-22T21:48:07 IST" name="launchBrowser" finished-at="2021-10-22T21:48:11 IST" duration-ms="4046" status="PASS">
          <params>
            <param index="0">
              <value>
                <![CDATA[chrome]]>
              </value>
            </param>
            <param index="1">
              <value>
                <![CDATA[https://www.mycontactform.com/samples/basiccontact.php]]>
              </value>
            </param>
          </params>
          <reporter-output>
          </reporter-output>
        </test-method> <!-- launchBrowser -->
        <test-method signature="verifyValidloginTest(java.lang.String,java.lang.String)[pri:1, instance:com.AppTestCases.LoginTestCase@7fee8714]" started-at="2021-10-22T21:48:11 IST" name="verifyValidloginTest" description="valid login test" finished-at="2021-10-22T21:48:15 IST" duration-ms="3097" status="PASS">
          <params>
            <param index="0">
              <value>
                <![CDATA[qatrainer]]>
              </value>
            </param>
            <param index="1">
              <value>
                <![CDATA[admin123]]>
              </value>
            </param>
          </params>
          <reporter-output>
          </reporter-output>
        </test-method> <!-- verifyValidloginTest -->
        <test-method signature="verifyInvalidLogin(java.lang.String,java.lang.String)[pri:2, instance:com.AppTestCases.LoginTestCase@7fee8714]" started-at="2021-10-22T21:48:15 IST" name="verifyInvalidLogin" description="Invalid login test" finished-at="2021-10-22T21:48:16 IST" duration-ms="1624" status="PASS">
          <params>
            <param index="0">
              <value>
                <![CDATA[tester]]>
              </value>
            </param>
            <param index="1">
              <value>
                <![CDATA[admin123]]>
              </value>
            </param>
          </params>
          <reporter-output>
          </reporter-output>
        </test-method> <!-- verifyInvalidLogin -->
        <test-method is-config="true" signature="closeTest()[pri:0, instance:com.AppTestCases.LoginTestCase@7fee8714]" started-at="2021-10-22T21:48:16 IST" name="closeTest" finished-at="2021-10-22T21:48:17 IST" duration-ms="442" status="PASS">
          <reporter-output>
          </reporter-output>
        </test-method> <!-- closeTest -->
      </class> <!-- com.AppTestCases.LoginTestCase -->
    </test> <!-- loginTest -->
    <test started-at="2021-10-22T21:48:17 IST" name="ContactFormTest" finished-at="2021-10-22T21:48:22 IST" duration-ms="5114">
      <class name="com.AppTestCases.BasicContactForm">
        <test-method is-config="true" signature="setupSuite()[pri:0, instance:com.AppTestCases.BasicContactForm@729d991e]" started-at="2021-10-22T21:48:07 IST" name="setupSuite" finished-at="2021-10-22T21:48:07 IST" duration-ms="195" status="PASS">
          <reporter-output>
          </reporter-output>
        </test-method> <!-- setupSuite -->
        <test-method is-config="true" signature="launchBrowser(java.lang.String,java.lang.String)[pri:0, instance:com.AppTestCases.BasicContactForm@729d991e]" started-at="2021-10-22T21:48:17 IST" name="launchBrowser" finished-at="2021-10-22T21:48:20 IST" duration-ms="3443" status="PASS">
          <params>
            <param index="0">
              <value>
                <![CDATA[chrome]]>
              </value>
            </param>
            <param index="1">
              <value>
                <![CDATA[https://www.mycontactform.com/samples/basiccontact.php]]>
              </value>
            </param>
          </params>
          <reporter-output>
          </reporter-output>
        </test-method> <!-- launchBrowser -->
        <test-method signature="verifyContactForm(java.lang.String,java.lang.String)[pri:0, instance:com.AppTestCases.BasicContactForm@729d991e]" started-at="2021-10-22T21:48:20 IST" name="verifyContactForm" finished-at="2021-10-22T21:48:22 IST" duration-ms="1479" status="PASS">
          <params>
            <param index="0">
              <value>
                <![CDATA[nareshit]]>
              </value>
            </param>
            <param index="1">
              <value>
                <![CDATA[onlinetraining@trainer.com]]>
              </value>
            </param>
          </params>
          <reporter-output>
          </reporter-output>
        </test-method> <!-- verifyContactForm -->
        <test-method is-config="true" signature="closeTest()[pri:0, instance:com.AppTestCases.BasicContactForm@729d991e]" started-at="2021-10-22T21:48:22 IST" name="closeTest" finished-at="2021-10-22T21:48:22 IST" duration-ms="189" status="PASS">
          <reporter-output>
          </reporter-output>
        </test-method> <!-- closeTest -->
      </class> <!-- com.AppTestCases.BasicContactForm -->
    </test> <!-- ContactFormTest -->
  </suite> <!-- Suite -->
</testng-results>
